<?xml version="1.0" encoding="UTF-8"?>
<testng-results skipped="0" failed="0" total="1" passed="1">
  <reporter-output>
  </reporter-output>
  <suite name="Suite" duration-ms="29" started-at="2022-07-06T16:23:02Z" finished-at="2022-07-06T16:23:02Z">
    <groups>
    </groups>
    <test name="Test" duration-ms="29" started-at="2022-07-06T16:23:02Z" finished-at="2022-07-06T16:23:02Z">
      <class name="pkg1.TC1">
        <test-method status="PASS" signature="TestCase1()[pri:0, instance:pkg1.TC1@1700915]" name="TestCase1" duration-ms="12" started-at="2022-07-06T21:53:02Z" finished-at="2022-07-06T21:53:02Z">
          <reporter-output>
          </reporter-output>
        </test-method> <!-- TestCase1 -->
      </class> <!-- pkg1.TC1 -->
    </test> <!-- Test -->
  </suite> <!-- Suite -->
</testng-results>
